Pin: pin-3.11-97998-7ecce2dac
Copyright 2002-2019 Intel Corporation.
 ThreadStart id:0 -- 0 -- 1
 ThreadStart id:1 -- 1 -- 2
 ThreadStart id:2 -- 2 -- 3
 ThreadStart id:3 -- 3 -- 4
 ThreadStart id:4 -- 4 -- 5
 ThreadStart id:5 -- 5 -- 6
 ThreadStart id:6 -- 6 -- 7
 ThreadStart id:7 -- 7 -- 8
 ThreadStart id:8 -- 8 -- 9
 ThreadStart id:9 -- 9 -- 10
 ThreadFini id:6 -- 6 -- 9
 ThreadFini id:9 -- 9 -- 8
 ThreadStart id:10 -- 10 -- 9
 ThreadFini id:5 -- 5 -- 8
 ThreadStart id:11 -- 11 -- 9
 ThreadFini id:10 -- 10 -- 8
 ThreadStart id:12 -- 12 -- 9
 ThreadFini id:11 -- 11 -- 8
 ThreadStart id:13 -- 13 -- 9
 ThreadFini id:12 -- 12 -- 8
 ThreadStart id:14 -- 14 -- 9
 ThreadFini id:3 -- 3 -- 8
 ThreadFini id:14 -- 14 -- 7
 ThreadStart id:15 -- 15 -- 8
 ThreadStart id:16 -- 16 -- 9
 ThreadFini id:13 -- 13 -- 8
 ThreadStart id:17 -- 17 -- 9
 ThreadStart id:18 -- 18 -- 10
 ThreadFini id:16 -- 16 -- 9
 ThreadStart id:19 -- 19 -- 10
 ThreadFini id:17 -- 17 -- 9
 ThreadStart id:20 -- 20 -- 10
 ThreadFini id:20 -- 20 -- 9
 ThreadStart id:21 -- 21 -- 10
 ThreadStart id:22 -- 22 -- 11
 ThreadFini id:22 -- 22 -- 10
 ThreadFini id:21 -- 21 -- 9
 ThreadStart id:23 -- 23 -- 10
 ThreadFini id:19 -- 19 -- 9
 ThreadStart id:24 -- 24 -- 10
 ThreadFini id:23 -- 23 -- 9
 ThreadFini id:15 -- 15 -- 8
 ThreadStart id:25 -- 25 -- 9
 ThreadFini id:0 -- 25 -- 8
 ThreadFini id:1 -- 25 -- 7
 ThreadFini id:2 -- 25 -- 6
 ThreadFini id:4 -- 25 -- 5
 ThreadFini id:7 -- 25 -- 4
 ThreadFini id:8 -- 25 -- 3
 ThreadFini id:24 -- 25 -- 2
 ThreadFini id:18 -- 18 -- 1
 ThreadFini id:25 -- 25 -- 0
 Fini
 Fini
